<?xml version="1.0" encoding="UTF-8"?>
<testsuite xmlns:xsi="http://www.w3.org/2001/XMLSchema-instance" xsi:noNamespaceSchemaLocation="https://maven.apache.org/surefire/maven-surefire-plugin/xsd/surefire-test-report-3.0.xsd" version="3.0" name="TestSuite" time="37.688" tests="7" errors="0" skipped="0" failures="0">
  <properties>
    <property name="java.specification.version" value="14"/>
    <property name="sun.jnu.encoding" value="UTF-8"/>
    <property name="java.class.path" value="/Users/lruiz/eclipse-workspace/Selenium_8/target/test-classes:/Users/lruiz/eclipse-workspace/Selenium_8/target/classes:/Users/lruiz/.m2/repository/org/seleniumhq/selenium/selenium-java/3.141.59/selenium-java-3.141.59.jar:/Users/lruiz/.m2/repository/org/seleniumhq/selenium/selenium-api/3.141.59/selenium-api-3.141.59.jar:/Users/lruiz/.m2/repository/org/seleniumhq/selenium/selenium-chrome-driver/3.141.59/selenium-chrome-driver-3.141.59.jar:/Users/lruiz/.m2/repository/org/seleniumhq/selenium/selenium-edge-driver/3.141.59/selenium-edge-driver-3.141.59.jar:/Users/lruiz/.m2/repository/org/seleniumhq/selenium/selenium-firefox-driver/3.141.59/selenium-firefox-driver-3.141.59.jar:/Users/lruiz/.m2/repository/org/seleniumhq/selenium/selenium-ie-driver/3.141.59/selenium-ie-driver-3.141.59.jar:/Users/lruiz/.m2/repository/org/seleniumhq/selenium/selenium-opera-driver/3.141.59/selenium-opera-driver-3.141.59.jar:/Users/lruiz/.m2/repository/org/seleniumhq/selenium/selenium-remote-driver/3.141.59/selenium-remote-driver-3.141.59.jar:/Users/lruiz/.m2/repository/org/seleniumhq/selenium/selenium-safari-driver/3.141.59/selenium-safari-driver-3.141.59.jar:/Users/lruiz/.m2/repository/org/seleniumhq/selenium/selenium-support/3.141.59/selenium-support-3.141.59.jar:/Users/lruiz/.m2/repository/net/bytebuddy/byte-buddy/1.8.15/byte-buddy-1.8.15.jar:/Users/lruiz/.m2/repository/org/apache/commons/commons-exec/1.3/commons-exec-1.3.jar:/Users/lruiz/.m2/repository/com/google/guava/guava/25.0-jre/guava-25.0-jre.jar:/Users/lruiz/.m2/repository/com/google/code/findbugs/jsr305/1.3.9/jsr305-1.3.9.jar:/Users/lruiz/.m2/repository/org/checkerframework/checker-compat-qual/2.0.0/checker-compat-qual-2.0.0.jar:/Users/lruiz/.m2/repository/com/google/errorprone/error_prone_annotations/2.1.3/error_prone_annotations-2.1.3.jar:/Users/lruiz/.m2/repository/com/google/j2objc/j2objc-annotations/1.1/j2objc-annotations-1.1.jar:/Users/lruiz/.m2/repository/org/codehaus/mojo/animal-sniffer-annotations/1.14/animal-sniffer-annotations-1.14.jar:/Users/lruiz/.m2/repository/com/squareup/okhttp3/okhttp/3.11.0/okhttp-3.11.0.jar:/Users/lruiz/.m2/repository/com/squareup/okio/okio/1.14.0/okio-1.14.0.jar:/Users/lruiz/.m2/repository/org/testng/testng/7.3.0/testng-7.3.0.jar:/Users/lruiz/.m2/repository/com/beust/jcommander/1.78/jcommander-1.78.jar:/Users/lruiz/.m2/repository/org/apache/ant/ant/1.10.3/ant-1.10.3.jar:/Users/lruiz/.m2/repository/org/apache/ant/ant-launcher/1.10.3/ant-launcher-1.10.3.jar:/Users/lruiz/.m2/repository/junit/junit/4.12/junit-4.12.jar:/Users/lruiz/.m2/repository/org/hamcrest/hamcrest-core/1.3/hamcrest-core-1.3.jar:/Users/lruiz/.m2/repository/com/google/inject/guice/4.2.2/guice-4.2.2-no_aop.jar:/Users/lruiz/.m2/repository/javax/inject/javax.inject/1/javax.inject-1.jar:/Users/lruiz/.m2/repository/aopalliance/aopalliance/1.0/aopalliance-1.0.jar:/Users/lruiz/.m2/repository/org/yaml/snakeyaml/1.21/snakeyaml-1.21.jar:"/>
    <property name="java.vm.vendor" value="Oracle Corporation"/>
    <property name="sun.arch.data.model" value="64"/>
    <property name="java.vendor.url" value="https://java.oracle.com/"/>
    <property name="user.timezone" value="America/Lima"/>
    <property name="os.name" value="Mac OS X"/>
    <property name="java.vm.specification.version" value="14"/>
    <property name="sun.java.launcher" value="SUN_STANDARD"/>
    <property name="user.country" value="PE"/>
    <property name="sun.boot.library.path" value="/Library/Java/JavaVirtualMachines/jdk-14.0.2.jdk/Contents/Home/lib"/>
    <property name="sun.java.command" value="/Users/lruiz/eclipse-workspace/Selenium_8/target/surefire/surefirebooter14890982848574492423.jar /Users/lruiz/eclipse-workspace/Selenium_8/target/surefire 2020-10-09T22-07-57_387-jvmRun1 surefire11923247385740341849tmp surefire_015046244933960736085tmp"/>
    <property name="http.nonProxyHosts" value="local|*.local|169.254/16|*.169.254/16"/>
    <property name="jdk.debug" value="release"/>
    <property name="surefire.test.class.path" value="/Users/lruiz/eclipse-workspace/Selenium_8/target/test-classes:/Users/lruiz/eclipse-workspace/Selenium_8/target/classes:/Users/lruiz/.m2/repository/org/seleniumhq/selenium/selenium-java/3.141.59/selenium-java-3.141.59.jar:/Users/lruiz/.m2/repository/org/seleniumhq/selenium/selenium-api/3.141.59/selenium-api-3.141.59.jar:/Users/lruiz/.m2/repository/org/seleniumhq/selenium/selenium-chrome-driver/3.141.59/selenium-chrome-driver-3.141.59.jar:/Users/lruiz/.m2/repository/org/seleniumhq/selenium/selenium-edge-driver/3.141.59/selenium-edge-driver-3.141.59.jar:/Users/lruiz/.m2/repository/org/seleniumhq/selenium/selenium-firefox-driver/3.141.59/selenium-firefox-driver-3.141.59.jar:/Users/lruiz/.m2/repository/org/seleniumhq/selenium/selenium-ie-driver/3.141.59/selenium-ie-driver-3.141.59.jar:/Users/lruiz/.m2/repository/org/seleniumhq/selenium/selenium-opera-driver/3.141.59/selenium-opera-driver-3.141.59.jar:/Users/lruiz/.m2/repository/org/seleniumhq/selenium/selenium-remote-driver/3.141.59/selenium-remote-driver-3.141.59.jar:/Users/lruiz/.m2/repository/org/seleniumhq/selenium/selenium-safari-driver/3.141.59/selenium-safari-driver-3.141.59.jar:/Users/lruiz/.m2/repository/org/seleniumhq/selenium/selenium-support/3.141.59/selenium-support-3.141.59.jar:/Users/lruiz/.m2/repository/net/bytebuddy/byte-buddy/1.8.15/byte-buddy-1.8.15.jar:/Users/lruiz/.m2/repository/org/apache/commons/commons-exec/1.3/commons-exec-1.3.jar:/Users/lruiz/.m2/repository/com/google/guava/guava/25.0-jre/guava-25.0-jre.jar:/Users/lruiz/.m2/repository/com/google/code/findbugs/jsr305/1.3.9/jsr305-1.3.9.jar:/Users/lruiz/.m2/repository/org/checkerframework/checker-compat-qual/2.0.0/checker-compat-qual-2.0.0.jar:/Users/lruiz/.m2/repository/com/google/errorprone/error_prone_annotations/2.1.3/error_prone_annotations-2.1.3.jar:/Users/lruiz/.m2/repository/com/google/j2objc/j2objc-annotations/1.1/j2objc-annotations-1.1.jar:/Users/lruiz/.m2/repository/org/codehaus/mojo/animal-sniffer-annotations/1.14/animal-sniffer-annotations-1.14.jar:/Users/lruiz/.m2/repository/com/squareup/okhttp3/okhttp/3.11.0/okhttp-3.11.0.jar:/Users/lruiz/.m2/repository/com/squareup/okio/okio/1.14.0/okio-1.14.0.jar:/Users/lruiz/.m2/repository/org/testng/testng/7.3.0/testng-7.3.0.jar:/Users/lruiz/.m2/repository/com/beust/jcommander/1.78/jcommander-1.78.jar:/Users/lruiz/.m2/repository/org/apache/ant/ant/1.10.3/ant-1.10.3.jar:/Users/lruiz/.m2/repository/org/apache/ant/ant-launcher/1.10.3/ant-launcher-1.10.3.jar:/Users/lruiz/.m2/repository/junit/junit/4.12/junit-4.12.jar:/Users/lruiz/.m2/repository/org/hamcrest/hamcrest-core/1.3/hamcrest-core-1.3.jar:/Users/lruiz/.m2/repository/com/google/inject/guice/4.2.2/guice-4.2.2-no_aop.jar:/Users/lruiz/.m2/repository/javax/inject/javax.inject/1/javax.inject-1.jar:/Users/lruiz/.m2/repository/aopalliance/aopalliance/1.0/aopalliance-1.0.jar:/Users/lruiz/.m2/repository/org/yaml/snakeyaml/1.21/snakeyaml-1.21.jar:"/>
    <property name="sun.cpu.endian" value="little"/>
    <property name="user.home" value="/Users/lruiz"/>
    <property name="user.language" value="es"/>
    <property name="java.specification.vendor" value="Oracle Corporation"/>
    <property name="java.version.date" value="2020-07-14"/>
    <property name="java.home" value="/Library/Java/JavaVirtualMachines/jdk-14.0.2.jdk/Contents/Home"/>
    <property name="file.separator" value="/"/>
    <property name="basedir" value="/Users/lruiz/eclipse-workspace/Selenium_8"/>
    <property name="java.vm.compressedOopsMode" value="Zero based"/>
    <property name="line.separator" value="&#10;"/>
    <property name="java.specification.name" value="Java Platform API Specification"/>
    <property name="java.vm.specification.vendor" value="Oracle Corporation"/>
    <property name="surefire.real.class.path" value="/Users/lruiz/eclipse-workspace/Selenium_8/target/surefire/surefirebooter14890982848574492423.jar"/>
    <property name="sun.management.compiler" value="HotSpot 64-Bit Tiered Compilers"/>
    <property name="ftp.nonProxyHosts" value="local|*.local|169.254/16|*.169.254/16"/>
    <property name="java.runtime.version" value="14.0.2+12-46"/>
    <property name="user.name" value="lruiz"/>
    <property name="path.separator" value=":"/>
    <property name="os.version" value="10.15.7"/>
    <property name="java.runtime.name" value="Java(TM) SE Runtime Environment"/>
    <property name="file.encoding" value="UTF-8"/>
    <property name="java.vm.name" value="Java HotSpot(TM) 64-Bit Server VM"/>
    <property name="localRepository" value="/Users/lruiz/.m2/repository"/>
    <property name="java.vendor.url.bug" value="https://bugreport.java.com/bugreport/"/>
    <property name="java.io.tmpdir" value="/var/folders/24/_qgc86tj2gz95z0lbd787wph0000gn/T/"/>
    <property name="java.version" value="14.0.2"/>
    <property name="user.dir" value="/Users/lruiz/eclipse-workspace/Selenium_8"/>
    <property name="os.arch" value="x86_64"/>
    <property name="java.vm.specification.name" value="Java Virtual Machine Specification"/>
    <property name="java.library.path" value="/Users/lruiz/Library/Java/Extensions:/Library/Java/Extensions:/Network/Library/Java/Extensions:/System/Library/Java/Extensions:/usr/lib/java:."/>
    <property name="java.vm.info" value="mixed mode, sharing"/>
    <property name="java.vendor" value="Oracle Corporation"/>
    <property name="java.vm.version" value="14.0.2+12-46"/>
    <property name="sun.io.unicode.encoding" value="UnicodeBig"/>
    <property name="socksNonProxyHosts" value="local|*.local|169.254/16|*.169.254/16"/>
    <property name="java.class.version" value="58.0"/>
  </properties>
  <testcase name="google" classname="pe.edu.galaxy.MultiBrowser" time="1.404">
    <system-out><![CDATA[This test is running with browser: chrome
This test is running with browser: firefox
This test is running with browser: opera
Thread Id: 15
Thread Id: 16
Thread Id: 14
]]></system-out>
    <system-err><![CDATA[160229S9t2a8r1t9ing ChromeDriver 8556.	0.g4ec1k8o3d.r8i7 ve(rc	dI6NF71O3	eLibsft92efnain1gca cocn0 1f127a.509.8d0.f128:90009632a
f0c5d7-refs/branch-heads/4183@{#1689}) on port 40437
Only local connections are allowed.
Please see https://chromedriver.chromium.org/security-considerations for suggestions on keeping ChromeDriver safe.
Starting OperaDriver 85.0.4183.102 (ffe848af6a5df4fa127e2929331116b7f9f1cb30-refs/branch-heads/4183@{#1770}) on port 25284
Only local connections are allowed.
Please see https://chromedriver.chromium.org/security-considerations for suggestions on keeping OperaDriver safe.
ChromeDriver was started successfully.
OperaDriver was started successfully.
1602299282693	mozrunner::runner	INFO	Running command: "/Applications/Firefox.app/Contents/MacOS/firefox-bin" "--marionette" "-foreground" "-no-remote" "-profile" "/var/folders/24/_qgc86tj2gz95z0lbd787wph0000gn/T/rust_mozprofilekJLAua"
oct. 09, 2020 10:08:09 P. M. org.openqa.selenium.remote.ProtocolHandshake createSession
INFO: Detected dialect: W3C
console.error: SearchCache: "_readCacheFile: Error reading cache file:" (new Error("", "(unknown module)"))
oct. 09, 2020 10:08:14 P. M. org.openqa.selenium.remote.ProtocolHandshake createSession
INFO: Detected dialect: OSS
1602299297577	Marionette	INFO	Listening on port 56008
1602299297630	Marionette	WARN	TLS certificate errors will be ignored for this session
oct. 09, 2020 10:08:17 P. M. org.openqa.selenium.remote.ProtocolHandshake createSession
INFO: Detected dialect: W3C
]]></system-err>
  </testcase>
  <testcase name="google" classname="pe.edu.galaxy.MultiBrowser" time="5.899"/>
  <testcase name="google" classname="pe.edu.galaxy.MultiBrowser" time="7.96"/>
  <testcase name="ParametersTestOne[suite level parameter](1)" classname="pe.edu.galaxy.parameters.ParametersTest" time="0.002">
    <system-out><![CDATA[Test one suite param is: suite level parameter
]]></system-out>
    <system-err><![CDATA[1602299305783	Marionette	INFO	Stopped listening on port 56008
]]></system-err>
  </testcase>
  <testcase name="ParametersTestTwo[Test two parameter](1)" classname="pe.edu.galaxy.parameters.ParametersTest" time="0">
    <system-out><![CDATA[Test two param is: Test two parameter
]]></system-out>
  </testcase>
  <testcase name="ParametersTestThree[overiding suite parameter, test three parameter](1)" classname="pe.edu.galaxy.parameters.ParametersTest" time="0.001">
    <system-out><![CDATA[Test three suite param is: overiding suite parameter
Test three param is: test three parameter
]]></system-out>
  </testcase>
  <testcase name="google_search" classname="pe.edu.galaxy.parameters.ParametersWithOutTestNGXML" time="0.354">
    <system-out><![CDATA[Welcome -> Luis Ruiz Your search key is -> conoce.pe
Thread will sleep now
Value in Google Search Box = conoce.pe ::: Value given by input = conoce.pe
]]></system-out>
    <system-err><![CDATA[Starting ChromeDriver 85.0.4183.87 (cd6713ebf92fa1cacc0f1a598df280093af0c5d7-refs/branch-heads/4183@{#1689}) on port 47293
Only local connections are allowed.
Please see https://chromedriver.chromium.org/security-considerations for suggestions on keeping ChromeDriver safe.
ChromeDriver was started successfully.
oct. 09, 2020 10:08:30 P. M. org.openqa.selenium.remote.ProtocolHandshake createSession
INFO: Detected dialect: W3C
]]></system-err>
  </testcase>
</testsuite>