<?xml version="1.0" encoding="UTF-8"?>
<!-- Generated by org.testng.reporters.JUnitReportReporter -->
<testsuite hostname="MacBook-Air-de-Luis.local" failures="0" tests="3" name="pe.edu.galaxy.MultiBrowser" time="26.115" errors="0" timestamp="2020-10-09T22:08:36 PET" skipped="0">
  <testcase classname="pe.edu.galaxy.MultiBrowser" name="google" time="8.698"/>
  <system-out/>
  <testcase classname="pe.edu.galaxy.MultiBrowser" name="google" time="9.433"/>
  <system-out/>
  <testcase classname="pe.edu.galaxy.MultiBrowser" name="google" time="7.984"/>
  <system-out/>
</testsuite> <!-- pe.edu.galaxy.MultiBrowser -->
