<?xml version="1.0" encoding="UTF-8"?>
<!-- Generated by org.testng.reporters.JUnitReportReporter -->
<testsuite hostname="MacBook-Air-de-Luis.local" failures="0" tests="1" name="pe.edu.galaxy.parameters.ParametersWithOutTestNGXML" time="0.374" errors="0" timestamp="2020-10-09T22:08:36 PET" skipped="0">
  <testcase classname="pe.edu.galaxy.parameters.ParametersWithOutTestNGXML" name="google_search" time="0.374"/>
  <system-out/>
</testsuite> <!-- pe.edu.galaxy.parameters.ParametersWithOutTestNGXML -->
