<?xml version="1.0" encoding="UTF-8"?>
<!-- Generated by org.testng.reporters.JUnitReportReporter -->
<testsuite hostname="MacBook-Air-de-Luis.local" failures="0" tests="3" name="pe.edu.galaxy.parameters.ParametersTest" time="0.069" errors="0" timestamp="2020-10-09T22:08:36 PET" skipped="0">
  <testcase classname="pe.edu.galaxy.parameters.ParametersTest" name="ParametersTestThree" time="0.068"/>
  <system-out/>
  <testcase classname="pe.edu.galaxy.parameters.ParametersTest" name="ParametersTestTwo" time="0.000"/>
  <system-out/>
  <testcase classname="pe.edu.galaxy.parameters.ParametersTest" name="ParametersTestOne" time="0.001"/>
  <system-out/>
</testsuite> <!-- pe.edu.galaxy.parameters.ParametersTest -->
